<?xml version="1.0" encoding="UTF-8"?>
<testsuite name="ru.stqa.pft.addressbook.GroupCreationTests" tests="1" skipped="0" failures="0" errors="0" timestamp="2020-12-18T15:21:30" hostname="DESKTOP-7CDSE06" time="6.136">
  <properties/>
  <testcase name="GroupCreationTests" classname="ru.stqa.pft.addressbook.GroupCreationTests" time="6.136"/>
  <system-out><![CDATA[]]></system-out>
  <system-err><![CDATA[]]></system-err>
</testsuite>
